
{"timestamp": "2026-06-05T17:29:02+0800", "level": "INFO", "service": "account-search-service", "logger": "account-search", "stage": "lark_client_initialization", "status": "ok", "message": "Initializing Lark Sheet client Started", "uid": "88785e40-df08-4b0c-a920-91e102928434"}
{"timestamp": "2026-06-05T17:29:02+0800", "level": "INFO", "service": "account-search-service", "logger": "account-search", "stage": "lark_client_initialization", "status": "ok", "message": "Requesting Lark Access Token", "uid": "88785e40-df08-4b0c-a920-91e102928434"}
{"timestamp": "2026-06-05T17:29:02+0800", "level": "INFO", "service": "account-search-service", "logger": "account-search", "stage": "lark_client_initialization", "status": "ok", "message": "Lark Access Token acquired", "uid": "88785e40-df08-4b0c-a920-91e102928434"}
{"timestamp": "2026-06-05T17:29:02+0800", "level": "INFO", "service": "account-search-service", "logger": "account-search", "stage": "lark_client_initialization", "status": "ok", "message": "LarkSheetClient initialized successfully", "uid": "88785e40-df08-4b0c-a920-91e102928434"}
{"timestamp": "2026-06-05T17:29:02+0800", "level": "INFO", "service": "account-search-service", "logger": "account-search", "stage": "lark_client_initialization", "status": "ok", "message": "Initializing Lark Sheet client Completed", "uid": "88785e40-df08-4b0c-a920-91e102928434"}
{"timestamp": "2026-06-05T17:29:02+0800", "level": "INFO", "service": "account-search-service", "logger": "account-search", "stage": "check_output_date", "status": "ok", "message": "Starting validation of existing records in the output sheet.", "uid": "88785e40-df08-4b0c-a920-91e102928434"}
{"timestamp": "2026-06-05T17:29:02+0800", "level": "INFO", "service": "account-search-service", "logger": "account-search", "stage": "check_output_date", "status": "ok", "message": "Query sheet started (sheet_id=dfhASp)", "uid": "88785e40-df08-4b0c-a920-91e102928434"}
{"timestamp": "2026-06-05T17:29:02+0800", "level": "INFO", "service": "account-search-service", "logger": "account-search", "stage": "check_output_date", "status": "ok", "message": "Query sheet success (rows=776)", "uid": "88785e40-df08-4b0c-a920-91e102928434"}
{"timestamp": "2026-06-05T17:29:02+0800", "level": "INFO", "service": "account-search-service", "logger": "account-search", "stage": "check_output_date", "status": "ok", "message": "Existing records found in output sheet. total_rows=775. Validating data freshness.", "uid": "88785e40-df08-4b0c-a920-91e102928434"}
{"timestamp": "2026-06-05T17:29:02+0800", "level": "INFO", "service": "account-search-service", "logger": "account-search", "stage": "check_output_date", "status": "ok", "message": "Output sheet validation completed.", "uid": "88785e40-df08-4b0c-a920-91e102928434"}
{"timestamp": "2026-06-05T17:29:02+0800", "level": "INFO", "service": "account-search-service", "logger": "account-search", "stage": "check_input_execution", "status": "ok", "message": "Starting input sheet validation. input_id=Ljf7WY", "uid": "88785e40-df08-4b0c-a920-91e102928434"}
{"timestamp": "2026-06-05T17:29:02+0800", "level": "INFO", "service": "account-search-service", "logger": "account-search", "stage": "check_input_execution", "status": "ok", "message": "Query sheet started (sheet_id=Ljf7WY)", "uid": "88785e40-df08-4b0c-a920-91e102928434"}
{"timestamp": "2026-06-05T17:29:03+0800", "level": "INFO", "service": "account-search-service", "logger": "account-search", "stage": "check_input_execution", "status": "ok", "message": "Query sheet success (rows=812)", "uid": "88785e40-df08-4b0c-a920-91e102928434"}
{"timestamp": "2026-06-05T17:29:03+0800", "level": "INFO", "service": "account-search-service", "logger": "account-search", "stage": "check_input_execution", "status": "ok", "message": "Input sheet loaded successfully. total_rows=810", "uid": "88785e40-df08-4b0c-a920-91e102928434"}
{"timestamp": "2026-06-05T17:29:03+0800", "level": "INFO", "service": "account-search-service", "logger": "account-search", "stage": "check_input_execution", "status": "ok", "message": "Validation result: requestor_ok=True, data_ok=True", "uid": "88785e40-df08-4b0c-a920-91e102928434"}
{"timestamp": "2026-06-05T17:29:03+0800", "level": "INFO", "service": "account-search-service", "logger": "account-search", "stage": "check_input_execution", "status": "ok", "message": "Input validation completed successfully.", "uid": "88785e40-df08-4b0c-a920-91e102928434"}
{"timestamp": "2026-06-05T17:29:03+0800", "level": "INFO", "service": "account-search-service", "logger": "account-search", "stage": "check_specific_column", "status": "ok", "message": "Start validating crawler input columns.", "uid": "88785e40-df08-4b0c-a920-91e102928434"}
{"timestamp": "2026-06-05T17:29:03+0800", "level": "INFO", "service": "account-search-service", "logger": "account-search", "stage": "check_specific_column", "status": "ok", "message": "Detected valid column: Account(RebateAccount)", "uid": "88785e40-df08-4b0c-a920-91e102928434"}
{"timestamp": "2026-06-05T17:29:03+0800", "level": "INFO", "service": "account-search-service", "logger": "account-search", "stage": "check_specific_column", "status": "ok", "message": "Extracted IDs successfully. total_ids=764, requestor=Peter", "uid": "88785e40-df08-4b0c-a920-91e102928434"}
{"timestamp": "2026-06-05T17:29:03+0800", "level": "INFO", "service": "account-search-service", "logger": "account-search", "stage": "check_specific_column", "status": "ok", "message": "Resolved account mapping. account_type=RebateAccount, column_type=Account", "uid": "88785e40-df08-4b0c-a920-91e102928434"}
{"timestamp": "2026-06-05T17:29:03+0800", "level": "INFO", "service": "account-search-service", "logger": "account-search", "stage": "check_specific_column", "status": "ok", "message": "Crawler input validation completed.", "uid": "88785e40-df08-4b0c-a920-91e102928434"}
{"timestamp": "2026-06-05T17:29:03+0800", "level": "INFO", "service": "account-search-service", "logger": "account-search", "stage": "crawler_execution", "status": "ok", "message": "Crawler execution started.", "uid": "88785e40-df08-4b0c-a920-91e102928434"}
{"timestamp": "2026-06-05T17:29:03+0800", "level": "INFO", "service": "account-search-service", "logger": "account-search", "stage": "crawler_execution", "status": "ok", "message": "Starting admin crawler. brands=['VFSC', 'VFSC2'], total_jobs=764", "uid": "88785e40-df08-4b0c-a920-91e102928434"}
{"timestamp": "2026-06-05T17:29:04+0800", "level": "INFO", "service": "account-search-service", "logger": "account-search", "stage": "crawler_execution", "status": "ok", "message": "Switching regulator. brand=VFSC", "uid": "88785e40-df08-4b0c-a920-91e102928434"}
{"timestamp": "2026-06-05T17:29:05+0800", "level": "INFO", "service": "account-search-service", "logger": "account-search", "stage": "crawler_execution", "status": "ok", "message": "Regulator switched successfully. brand=VFSC", "uid": "88785e40-df08-4b0c-a920-91e102928434"}
{"timestamp": "2026-06-05T17:29:05+0800", "level": "INFO", "service": "account-search-service", "logger": "account-search", "stage": "crawler_execution", "status": "ok", "message": "Brand jobs prepared. brand=VFSC, job_count=764", "uid": "88785e40-df08-4b0c-a920-91e102928434"}
{"timestamp": "2026-06-05T17:29:22+0800", "level": "INFO", "service": "account-search-service", "logger": "account-search", "stage": "crawler_execution", "status": "ok", "message": "Brand execution completed. brand=VFSC, rows=755", "uid": "88785e40-df08-4b0c-a920-91e102928434"}
{"timestamp": "2026-06-05T17:29:22+0800", "level": "INFO", "service": "account-search-service", "logger": "account-search", "stage": "crawler_execution", "status": "ok", "message": "Switching regulator. brand=VFSC2", "uid": "88785e40-df08-4b0c-a920-91e102928434"}
{"timestamp": "2026-06-05T17:29:23+0800", "level": "INFO", "service": "account-search-service", "logger": "account-search", "stage": "crawler_execution", "status": "ok", "message": "Regulator switched successfully. brand=VFSC2", "uid": "88785e40-df08-4b0c-a920-91e102928434"}
{"timestamp": "2026-06-05T17:29:23+0800", "level": "INFO", "service": "account-search-service", "logger": "account-search", "stage": "crawler_execution", "status": "ok", "message": "Brand jobs prepared. brand=VFSC2, job_count=764", "uid": "88785e40-df08-4b0c-a920-91e102928434"}
{"timestamp": "2026-06-05T17:29:37+0800", "level": "WARNING", "service": "account-search-service", "logger": "account-search", "stage": "crawler_execution", "status": "ok", "message": "No data returned. brand=VFSC2", "uid": "88785e40-df08-4b0c-a920-91e102928434"}
{"timestamp": "2026-06-05T17:29:37+0800", "level": "WARNING", "service": "account-search-service", "logger": "account-search", "stage": "crawler_execution", "status": "ok", "message": "Jobs returned no data across all brands. empty_jobs=['account_8930427', 'account_8930423', 'account_8930478', 'account_8930485', 'account_8930486', 'account_8930483', 'account_10470018', 'account_610000000', 'account_8930612']", "uid": "88785e40-df08-4b0c-a920-91e102928434"}
{"timestamp": "2026-06-05T17:29:37+0800", "level": "INFO", "service": "account-search-service", "logger": "account-search", "stage": "crawler_execution", "status": "ok", "message": "Crawler execution completed. result_counts=2", "uid": "88785e40-df08-4b0c-a920-91e102928434"}
{"timestamp": "2026-06-05T17:29:37+0800", "level": "INFO", "service": "account-search-service", "logger": "account-search", "stage": "data_cleaning", "status": "ok", "message": "data cleaning started.", "uid": "88785e40-df08-4b0c-a920-91e102928434"}
{"timestamp": "2026-06-05T17:29:37+0800", "level": "INFO", "service": "account-search-service", "logger": "account-search", "stage": "data_cleaning", "status": "ok", "message": "Data transformation completed. output_rows=755", "uid": "88785e40-df08-4b0c-a920-91e102928434"}
{"timestamp": "2026-06-05T17:29:37+0800", "level": "INFO", "service": "account-search-service", "logger": "account-search", "stage": "upload_lark", "status": "ok", "message": "Starting data upload to Lark. target_rows=755", "uid": "88785e40-df08-4b0c-a920-91e102928434"}
{"timestamp": "2026-06-05T17:29:37+0800", "level": "INFO", "service": "account-search-service", "logger": "account-search", "stage": "upload_lark", "status": "ok", "message": "Append started (sheet_id=dfhASp, rows=755)", "uid": "88785e40-df08-4b0c-a920-91e102928434"}
{"timestamp": "2026-06-05T17:29:39+0800", "level": "INFO", "service": "account-search-service", "logger": "account-search", "stage": "upload_lark", "status": "ok", "message": "Append success (sheet_id=dfhASp)", "uid": "88785e40-df08-4b0c-a920-91e102928434"}
{"timestamp": "2026-06-05T17:29:39+0800", "level": "INFO", "service": "account-search-service", "logger": "account-search", "stage": "upload_lark", "status": "ok", "message": "Output data uploaded successfully.", "uid": "88785e40-df08-4b0c-a920-91e102928434"}
{"timestamp": "2026-06-05T17:29:39+0800", "level": "INFO", "service": "account-search-service", "logger": "account-search", "stage": "upload_lark", "status": "ok", "message": "Append started (sheet_id=MXFdf3, rows=1)", "uid": "88785e40-df08-4b0c-a920-91e102928434"}
{"timestamp": "2026-06-05T17:29:44+0800", "level": "INFO", "service": "account-search-service", "logger": "account-search", "stage": "upload_lark", "status": "ok", "message": "Append success (sheet_id=MXFdf3)", "uid": "88785e40-df08-4b0c-a920-91e102928434"}
{"timestamp": "2026-06-05T17:29:44+0800", "level": "INFO", "service": "account-search-service", "logger": "account-search", "stage": "upload_lark", "status": "ok", "message": "Execution record uploaded successfully.", "uid": "88785e40-df08-4b0c-a920-91e102928434"}
{"timestamp": "2026-06-05T17:29:44+0800", "level": "INFO", "service": "account-search-service", "logger": "account-search", "stage": "upload_lark", "status": "ok", "message": "Query sheet started (sheet_id=Ljf7WY)", "uid": "88785e40-df08-4b0c-a920-91e102928434"}
{"timestamp": "2026-06-05T17:29:45+0800", "level": "INFO", "service": "account-search-service", "logger": "account-search", "stage": "upload_lark", "status": "ok", "message": "Query sheet success (rows=812)", "uid": "88785e40-df08-4b0c-a920-91e102928434"}
{"timestamp": "2026-06-05T17:29:45+0800", "level": "INFO", "service": "account-search-service", "logger": "account-search", "stage": "upload_lark", "status": "ok", "message": "Delete started (sheet_id=Ljf7WY, start_index=2)", "uid": "88785e40-df08-4b0c-a920-91e102928434"}
{"timestamp": "2026-06-05T17:29:45+0800", "level": "INFO", "service": "account-search-service", "logger": "account-search", "stage": "upload_lark", "status": "ok", "message": "Delete success (sheet_id=Ljf7WY, deleted=811)", "uid": "88785e40-df08-4b0c-a920-91e102928434"}
{"timestamp": "2026-06-05T17:29:45+0800", "level": "INFO", "service": "account-search-service", "logger": "account-search", "stage": "upload_lark", "status": "ok", "message": "Add dimension started (sheet_id=Ljf7WY, dimension=ROWS, length=1)", "uid": "88785e40-df08-4b0c-a920-91e102928434"}
{"timestamp": "2026-06-05T17:29:45+0800", "level": "INFO", "service": "account-search-service", "logger": "account-search", "stage": "upload_lark", "status": "ok", "message": "Add dimension success (sheet_id=Ljf7WY, added=1)", "uid": "88785e40-df08-4b0c-a920-91e102928434"}
{"timestamp": "2026-06-05T17:29:45+0800", "level": "INFO", "service": "account-search-service", "logger": "account-search", "stage": "upload_lark", "status": "ok", "message": "Input sheet reset completed.", "uid": "88785e40-df08-4b0c-a920-91e102928434"}
{"timestamp": "2026-06-05T17:29:45+0800", "level": "INFO", "service": "account-search-service", "logger": "account-search", "stage": "upload_lark", "status": "ok", "message": "Lark client closed. Pipeline execution finished successfully.", "uid": "88785e40-df08-4b0c-a920-91e102928434"}
{"timestamp": "2026-06-05T17:29:45+0800", "level": "INFO", "service": "account-search-service", "logger": "account-search", "stage": "upload_lark", "status": "ok", "message": "Cycle completed successfully.", "uid": "88785e40-df08-4b0c-a920-91e102928434"}
{"timestamp": "2026-06-05T17:30:02+0800", "level": "INFO", "service": "account-search-service", "logger": "account-search", "stage": "lark_client_initialization", "status": "ok", "message": "Initializing Lark Sheet client Started", "uid": "7f26f1e0-4572-4fc3-9b36-65bfd21dd2f6"}
{"timestamp": "2026-06-05T17:30:02+0800", "level": "INFO", "service": "account-search-service", "logger": "account-search", "stage": "lark_client_initialization", "status": "ok", "message": "Requesting Lark Access Token", "uid": "7f26f1e0-4572-4fc3-9b36-65bfd21dd2f6"}
{"timestamp": "2026-06-05T17:30:02+0800", "level": "INFO", "service": "account-search-service", "logger": "account-search", "stage": "lark_client_initialization", "status": "ok", "message": "Lark Access Token acquired", "uid": "7f26f1e0-4572-4fc3-9b36-65bfd21dd2f6"}
{"timestamp": "2026-06-05T17:30:02+0800", "level": "INFO", "service": "account-search-service", "logger": "account-search", "stage": "lark_client_initialization", "status": "ok", "message": "LarkSheetClient initialized successfully", "uid": "7f26f1e0-4572-4fc3-9b36-65bfd21dd2f6"}
{"timestamp": "2026-06-05T17:30:02+0800", "level": "INFO", "service": "account-search-service", "logger": "account-search", "stage": "lark_client_initialization", "status": "ok", "message": "Initializing Lark Sheet client Completed", "uid": "7f26f1e0-4572-4fc3-9b36-65bfd21dd2f6"}
{"timestamp": "2026-06-05T17:30:02+0800", "level": "INFO", "service": "account-search-service", "logger": "account-search", "stage": "check_output_date", "status": "ok", "message": "Starting validation of existing records in the output sheet.", "uid": "7f26f1e0-4572-4fc3-9b36-65bfd21dd2f6"}
{"timestamp": "2026-06-05T17:30:02+0800", "level": "INFO", "service": "account-search-service", "logger": "account-search", "stage": "check_output_date", "status": "ok", "message": "Query sheet started (sheet_id=dfhASp)", "uid": "7f26f1e0-4572-4fc3-9b36-65bfd21dd2f6"}
{"timestamp": "2026-06-05T17:30:03+0800", "level": "INFO", "service": "account-search-service", "logger": "account-search", "stage": "check_output_date", "status": "ok", "message": "Query sheet success (rows=1531)", "uid": "7f26f1e0-4572-4fc3-9b36-65bfd21dd2f6"}
{"timestamp": "2026-06-05T17:30:03+0800", "level": "INFO", "service": "account-search-service", "logger": "account-search", "stage": "check_output_date", "status": "ok", "message": "Existing records found in output sheet. total_rows=1530. Validating data freshness.", "uid": "7f26f1e0-4572-4fc3-9b36-65bfd21dd2f6"}
{"timestamp": "2026-06-05T17:30:03+0800", "level": "INFO", "service": "account-search-service", "logger": "account-search", "stage": "check_output_date", "status": "ok", "message": "Output sheet validation completed.", "uid": "7f26f1e0-4572-4fc3-9b36-65bfd21dd2f6"}
{"timestamp": "2026-06-05T17:30:03+0800", "level": "INFO", "service": "account-search-service", "logger": "account-search", "stage": "check_input_execution", "status": "ok", "message": "Starting input sheet validation. input_id=Ljf7WY", "uid": "7f26f1e0-4572-4fc3-9b36-65bfd21dd2f6"}
{"timestamp": "2026-06-05T17:30:03+0800", "level": "INFO", "service": "account-search-service", "logger": "account-search", "stage": "check_input_execution", "status": "ok", "message": "Query sheet started (sheet_id=Ljf7WY)", "uid": "7f26f1e0-4572-4fc3-9b36-65bfd21dd2f6"}
{"timestamp": "2026-06-05T17:30:03+0800", "level": "INFO", "service": "account-search-service", "logger": "account-search", "stage": "check_input_execution", "status": "ok", "message": "Query sheet success (rows=1)", "uid": "7f26f1e0-4572-4fc3-9b36-65bfd21dd2f6"}
{"timestamp": "2026-06-05T17:30:03+0800", "level": "INFO", "service": "account-search-service", "logger": "account-search", "stage": "check_input_execution", "status": "ok", "message": "Input sheet loaded successfully. total_rows=0", "uid": "7f26f1e0-4572-4fc3-9b36-65bfd21dd2f6"}
{"timestamp": "2026-06-05T17:30:03+0800", "level": "INFO", "service": "account-search-service", "logger": "account-search", "stage": "check_input_execution", "status": "ok", "message": "Validation result: requestor_ok=False, data_ok=False", "uid": "7f26f1e0-4572-4fc3-9b36-65bfd21dd2f6"}
{"timestamp": "2026-06-05T17:30:03+0800", "level": "ERROR", "service": "account-search-service", "logger": "account-search", "stage": "check_input_execution", "status": "ok", "message": "Input validation failed. Missing Requestor and query data.", "uid": "7f26f1e0-4572-4fc3-9b36-65bfd21dd2f6"}
{"timestamp": "2026-06-05T17:30:03+0800", "level": "ERROR", "service": "account-search-service", "logger": "account-search", "stage": "check_input_execution", "status": "ok", "message": "Cycle failed: exceptions must derive from BaseException", "uid": "7f26f1e0-4572-4fc3-9b36-65bfd21dd2f6"}
{"timestamp": "2026-06-05T17:30:03+0800", "level": "ERROR", "service": "account-search-service", "logger": "account-search", "stage": "check_input_execution", "status": "ok", "message": "Traceback (most recent call last):\n  File \"/app/main.py\", line 41, in <module>\n    run_account_pipeline(logger=logger, client=client, sheet_token=\"Y4kHsx8L7herZXtbQgdlIsjZgOd\", input_id=\"Ljf7WY\", output_id=\"dfhASp\", record_id=\"MXFdf3\", uid=uid)\n  File \"/app/pipeline.py\", line 54, in run_account_pipeline\n    raise \"both od parameters are empty,and no mission running.\"\nTypeError: exceptions must derive from BaseException\n", "uid": "7f26f1e0-4572-4fc3-9b36-65bfd21dd2f6"}
